<?xml version="1.0" encoding="UTF-8"?>
<!-- Generated by org.testng.reporters.JUnitReportReporter -->
<testsuite hostname="DESKTOP-LQBN1D1" failures="0" tests="1" name="testclass.RegisterModule" time="8.143" errors="0" timestamp="2022-12-16T22:52:21 IST" skipped="0">
  <testcase classname="testclass.RegisterModule" name="RegModule" time="8.143"/>
  <system-out>
    <![CDATA[test caseRegModule is successfully excuted]]>
  </system-out>
</testsuite> <!-- testclass.RegisterModule -->
