<?xml version="1.0" encoding="UTF-8"?>
<!-- Generated by org.testng.reporters.JUnitReportReporter -->
<testsuite hostname="DESKTOP-LQBN1D1" failures="0" tests="1" name="testclass.RegisterModuleTest" time="9.123" errors="0" timestamp="2022-12-16T23:01:15 IST" skipped="0">
  <testcase classname="testclass.RegisterModuleTest" name="RegModule" time="9.123"/>
  <system-out>
    <![CDATA[test caseRegModule is successfully excuted]]>
  </system-out>
</testsuite> <!-- testclass.RegisterModuleTest -->
